<?xml version="1.0" encoding="UTF-8"?>
<!-- Generated by org.testng.reporters.JUnitReportReporter -->
<testsuite skipped="0" hostname="admin-PC" name="Idlidabba.ERP.Assets" tests="8" failures="0" timestamp="22 Apr 2019 11:24:49 GMT" time="101.355" errors="0">
  <testcase name="assets_Edits" time="3.504" classname="Idlidabba.ERP.Assets"/>
  <testcase name="Assets" time="10.620" classname="Idlidabba.ERP.Assets"/>
  <testcase name="Add_Assets" time="21.053" classname="Idlidabba.ERP.Assets"/>
  <testcase name="Valid_Login" time="7.715" classname="Idlidabba.ERP.Assets"/>
  <testcase name="Add_Assets_2" time="20.197" classname="Idlidabba.ERP.Assets"/>
  <testcase name="Asset_Edit" time="15.512" classname="Idlidabba.ERP.Assets"/>
  <testcase name="Asset_Trackings1" time="4.864" classname="Idlidabba.ERP.Assets"/>
  <testcase name="asset_value" time="17.890" classname="Idlidabba.ERP.Assets"/>
</testsuite> <!-- Idlidabba.ERP.Assets -->
