<?xml version="1.0" encoding="UTF-8"?>
<!-- Generated by org.testng.reporters.JUnitReportReporter -->
<testsuite skipped="0" hostname="admin-PC" name="Idlidabba.ERP.Crm" tests="4" failures="0" timestamp="23 Apr 2019 11:37:28 GMT" time="40.656" errors="0">
  <testcase name="Valid_Login" time="7.338" classname="Idlidabba.ERP.Crm"/>
  <testcase name="crm_info" time="7.701" classname="Idlidabba.ERP.Crm"/>
  <testcase name="crm_info_update" time="19.128" classname="Idlidabba.ERP.Crm"/>
  <testcase name="crm_info_view" time="6.489" classname="Idlidabba.ERP.Crm"/>
</testsuite> <!-- Idlidabba.ERP.Crm -->
