<?xml version="1.0" encoding="UTF-8"?>
<!-- Generated by org.testng.reporters.JUnitReportReporter -->
<testsuite skipped="0" hostname="admin-PC" name="Idlidabba.ERP.MenuPlanner" tests="8" failures="0" timestamp="22 Apr 2019 11:40:36 GMT" time="76.616" errors="0">
  <testcase name="Valid_Login" time="7.995" classname="Idlidabba.ERP.MenuPlanner"/>
  <testcase name="Breakfast" time="14.746" classname="Idlidabba.ERP.MenuPlanner"/>
  <testcase name="Menu_plan_client" time="5.095" classname="Idlidabba.ERP.MenuPlanner"/>
  <testcase name="assignedClient" time="4.464" classname="Idlidabba.ERP.MenuPlanner"/>
  <testcase name="Menu_planner_plan" time="15.712" classname="Idlidabba.ERP.MenuPlanner"/>
  <testcase name="Menu_Planner" time="9.768" classname="Idlidabba.ERP.MenuPlanner"/>
  <testcase name="menuplan_row3" time="9.678" classname="Idlidabba.ERP.MenuPlanner"/>
  <testcase name="menuplan_row2" time="9.158" classname="Idlidabba.ERP.MenuPlanner"/>
</testsuite> <!-- Idlidabba.ERP.MenuPlanner -->
