<?xml version="1.0" encoding="UTF-8"?>
<!-- Generated by org.testng.reporters.JUnitReportReporter -->
<testsuite skipped="0" hostname="admin-PC" name="Idlidabba.ERP.Cooksheet" tests="3" failures="0" timestamp="22 Apr 2019 13:06:03 GMT" time="18.961" errors="0">
  <testcase name="clientcooksheet" time="2.074" classname="Idlidabba.ERP.Cooksheet"/>
  <testcase name="Valid_Login" time="8.546" classname="Idlidabba.ERP.Cooksheet"/>
  <testcase name="Cook_Sheet" time="8.341" classname="Idlidabba.ERP.Cooksheet"/>
</testsuite> <!-- Idlidabba.ERP.Cooksheet -->
