<?xml version="1.0" encoding="UTF-8"?>
<!-- Generated by org.testng.reporters.JUnitReportReporter -->
<testsuite skipped="0" hostname="admin-PC" name="Idlidabba.ERP.Utensils" tests="3" failures="0" timestamp="22 Apr 2019 11:22:51 GMT" time="30.995" errors="0">
  <testcase name="Valid_Login" time="7.567" classname="Idlidabba.ERP.Utensils"/>
  <testcase name="utensil_2" time="6.416" classname="Idlidabba.ERP.Utensils"/>
  <testcase name="Utensils_name" time="17.012" classname="Idlidabba.ERP.Utensils"/>
</testsuite> <!-- Idlidabba.ERP.Utensils -->
