<?xml version="1.0" encoding="UTF-8"?>
<!-- Generated by org.testng.reporters.JUnitReportReporter -->
<testsuite skipped="0" hostname="admin-PC" name="Idlidabba.ERP.MenuCycle" tests="4" failures="0" timestamp="24 Apr 2019 07:46:18 GMT" time="59.994" errors="0">
  <testcase name="Valid_Login" time="8.005" classname="Idlidabba.ERP.MenuCycle"/>
  <testcase name="menu_cycle" time="13.296" classname="Idlidabba.ERP.MenuCycle"/>
  <testcase name="Menu_cyclePlan" time="24.802" classname="Idlidabba.ERP.MenuCycle"/>
  <testcase name="Menu_cycle_plan" time="13.891" classname="Idlidabba.ERP.MenuCycle"/>
</testsuite> <!-- Idlidabba.ERP.MenuCycle -->
