<?xml version="1.0" encoding="UTF-8"?>
<!-- Generated by org.testng.reporters.JUnitReportReporter -->
<testsuite skipped="0" hostname="admin-PC" name="Idlidabba.ERP.MenuCycle" tests="4" failures="0" timestamp="22 Apr 2019 12:58:14 GMT" time="59.113" errors="0">
  <testcase name="menu_cycle" time="14.087" classname="Idlidabba.ERP.MenuCycle"/>
  <testcase name="Menu_cyclePlan" time="25.546" classname="Idlidabba.ERP.MenuCycle"/>
  <testcase name="Menu_cycle_plan" time="8.925" classname="Idlidabba.ERP.MenuCycle"/>
  <testcase name="Valid_Login" time="10.555" classname="Idlidabba.ERP.MenuCycle"/>
</testsuite> <!-- Idlidabba.ERP.MenuCycle -->
