<?xml version="1.0" encoding="UTF-8"?>
<!-- Generated by org.testng.reporters.JUnitReportReporter -->
<testsuite skipped="0" hostname="admin-PC" name="Idlidabba.ERP.Login" tests="3" failures="0" timestamp="23 Apr 2019 10:52:47 GMT" time="16.817" errors="0">
  <testcase name="Invalid_Login" time="2.300" classname="Idlidabba.ERP.Login"/>
  <testcase name="Invalid_Login1" time="7.527" classname="Idlidabba.ERP.Login"/>
  <testcase name="Valid_Login" time="6.990" classname="Idlidabba.ERP.Login"/>
</testsuite> <!-- Idlidabba.ERP.Login -->
