<?xml version="1.0" encoding="UTF-8"?>
<!-- Generated by org.testng.reporters.JUnitReportReporter -->
<testsuite skipped="0" hostname="admin-PC" name="Idlidabba.ERP.Depriceation" tests="4" failures="0" timestamp="22 Apr 2019 11:20:58 GMT" time="26.167" errors="0">
  <testcase name="add_depriceation" time="10.259" classname="Idlidabba.ERP.Depriceation"/>
  <testcase name="add_depriceation_values" time="0.751" classname="Idlidabba.ERP.Depriceation"/>
  <testcase name="Valid_Login" time="7.932" classname="Idlidabba.ERP.Depriceation"/>
  <testcase name="depriceation" time="7.225" classname="Idlidabba.ERP.Depriceation"/>
</testsuite> <!-- Idlidabba.ERP.Depriceation -->
