<?xml version="1.0" encoding="UTF-8"?>
<!-- Generated by org.testng.reporters.JUnitReportReporter -->
<testsuite skipped="0" hostname="admin-PC" name="Idlidabba.ERP.VesselPlanner" tests="10" failures="0" timestamp="22 Apr 2019 13:11:20 GMT" time="43.662" errors="0">
  <testcase name="Valid_Login" time="7.332" classname="Idlidabba.ERP.VesselPlanner"/>
  <testcase name="vessel_planing4" time="1.907" classname="Idlidabba.ERP.VesselPlanner"/>
  <testcase name="Vessels_planned" time="11.616" classname="Idlidabba.ERP.VesselPlanner"/>
  <testcase name="vessel_planing3" time="2.470" classname="Idlidabba.ERP.VesselPlanner"/>
  <testcase name="Plannedcountcheck" time="2.970" classname="Idlidabba.ERP.VesselPlanner"/>
  <testcase name="vessel_planing" time="2.152" classname="Idlidabba.ERP.VesselPlanner"/>
  <testcase name="countcheck" time="0.126" classname="Idlidabba.ERP.VesselPlanner"/>
  <testcase name="qtysplit" time="4.828" classname="Idlidabba.ERP.VesselPlanner"/>
  <testcase name="vessels_plan" time="7.567" classname="Idlidabba.ERP.VesselPlanner"/>
  <testcase name="vessel_planing2" time="2.694" classname="Idlidabba.ERP.VesselPlanner"/>
</testsuite> <!-- Idlidabba.ERP.VesselPlanner -->
