<?xml version="1.0" encoding="UTF-8"?>
<!-- Generated by org.testng.reporters.JUnitReportReporter -->
<testsuite skipped="0" hostname="admin-PC" name="Idlidabba.ERP.Crm" tests="3" failures="0" timestamp="19 Apr 2019 08:42:10 GMT" time="21.967" errors="0">
  <testcase name="Valid_Login" time="7.482" classname="Idlidabba.ERP.Crm"/>
  <testcase name="crm_info_view" time="8.800" classname="Idlidabba.ERP.Crm"/>
  <testcase name="crm_info" time="5.685" classname="Idlidabba.ERP.Crm"/>
</testsuite> <!-- Idlidabba.ERP.Crm -->
